<?xml version="1.0" encoding="UTF-8"?>
<!-- Generated by org.testng.reporters.JUnitReportReporter -->
<testsuite hostname="Muthukumar" failures="0" tests="1" name="com.loginTestOne.MakeMyTrip.TestBase" time="0.011" errors="0" timestamp="21 Apr 2023 06:26:59 GMT" skipped="0">
  <testcase classname="com.loginTestOne.MakeMyTrip.TestBase" name="f" time="0.011"/>
</testsuite> <!-- com.loginTestOne.MakeMyTrip.TestBase -->
